"../../../Engine/Content/EngineMaterials/T_Default_Material_Grid_N.uasset" 0
"../../../Engine/Content/EngineMaterials/T_Default_Material_Grid_N.uexp" 1
"../../../Engine/Content/EngineMaterials/T_Default_Material_Grid_N.ubulk" 2
"../../../Engine/Content/EngineMaterials/T_Default_Material_Grid_M.uasset" 3
"../../../Engine/Content/EngineMaterials/T_Default_Material_Grid_M.uexp" 4
"../../../Engine/Content/EngineMaterials/T_Default_Material_Grid_M.ubulk" 5
"../../../Engine/Content/Functions/Engine_MaterialFunctions01/Opacity/CameraDepthFade.uasset" 6
"../../../Engine/Content/Functions/Engine_MaterialFunctions01/Opacity/CameraDepthFade.uexp" 7
"../../../Engine/Content/EngineMaterials/WorldGridMaterial.uasset" 8
"../../../Engine/Content/EngineMaterials/WorldGridMaterial.uexp" 9
"../../../Engine/Content/ArtTools/RenderToTexture/Meshes/S_1_Unit_Plane.uasset" 10
"../../../Engine/Content/ArtTools/RenderToTexture/Meshes/S_1_Unit_Plane.uexp" 11
"../../../Engine/Content/EngineMaterials/DefaultMaterial.uasset" 12
"../../../Engine/Content/EngineMaterials/DefaultMaterial.uexp" 13
"../../../Engine/Content/BasicShapes/Cone.uasset" 14
"../../../Engine/Content/BasicShapes/Cone.uexp" 15
"../../../Engine/Content/BasicShapes/Cube.uasset" 16
"../../../Engine/Content/BasicShapes/Cube.uexp" 17
"../../../Engine/Content/BasicShapes/Plane.uasset" 18
"../../../Engine/Content/BasicShapes/Plane.uexp" 19
"../../../Engine/Content/EditorLandscapeResources/DataLayer.uasset" 20
"../../../Engine/Content/EditorLandscapeResources/DataLayer.uexp" 21
"../../../Engine/Content/EditorLandscapeResources/DefaultAlphaTexture.uasset" 22
"../../../Engine/Content/EditorLandscapeResources/DefaultAlphaTexture.uexp" 23
"../../../Engine/Content/EditorMaterials/MAT_Groups_Toggle.uasset" 24
"../../../Engine/Content/EditorMaterials/MAT_Groups_Toggle.uexp" 25
"../../../Engine/Content/EditorMaterials/MAT_Groups_Visibility.uasset" 26
"../../../Engine/Content/EditorMaterials/MAT_Groups_Visibility.uexp" 27
"../../../Engine/Content/EditorMaterials/PreviewShadowIndicator.uasset" 28
"../../../Engine/Content/EditorMaterials/PreviewShadowIndicator.uexp" 29
"../../../Engine/Content/EditorMaterials/PreviewShadowIndicator.ubulk" 30
"../../../Engine/Content/EditorMaterials/PreviewShadowIndicatorMaterial.uasset" 31
"../../../Engine/Content/EditorMaterials/PreviewShadowIndicatorMaterial.uexp" 32
"../../../Engine/Content/EditorMaterials/MatineeGroups/MAT_ColorTrack.uasset" 33
"../../../Engine/Content/EditorMaterials/MatineeGroups/MAT_ColorTrack.uexp" 34
"../../../Engine/Content/EditorMaterials/MatineeGroups/MAT_Groups_Anim.uasset" 35
"../../../Engine/Content/EditorMaterials/MatineeGroups/MAT_Groups_Anim.uexp" 36
"../../../Engine/Content/EditorMaterials/MatineeGroups/MAT_Groups_AudioMaster.uasset" 37
"../../../Engine/Content/EditorMaterials/MatineeGroups/MAT_Groups_AudioMaster.uexp" 38
"../../../Engine/Content/EditorMaterials/MatineeGroups/MAT_Groups_Director.uasset" 39
"../../../Engine/Content/EditorMaterials/MatineeGroups/MAT_Groups_Director.uexp" 40
"../../../Engine/Content/EditorMaterials/MatineeGroups/MAT_Groups_Event.uasset" 41
"../../../Engine/Content/EditorMaterials/MatineeGroups/MAT_Groups_Event.uexp" 42
"../../../Engine/Content/EditorMaterials/MatineeGroups/MAT_Groups_Fade.uasset" 43
"../../../Engine/Content/EditorMaterials/MatineeGroups/MAT_Groups_Fade.uexp" 44
"../../../Engine/Content/EditorMaterials/MatineeGroups/MAT_Groups_Float.uasset" 45
"../../../Engine/Content/EditorMaterials/MatineeGroups/MAT_Groups_Float.uexp" 46
"../../../Engine/Content/EditorMaterials/MatineeGroups/MAT_Groups_Move.uasset" 47
"../../../Engine/Content/EditorMaterials/MatineeGroups/MAT_Groups_Move.uexp" 48
"../../../Engine/Content/EditorMaterials/MatineeGroups/MAT_Groups_Slomo.uasset" 49
"../../../Engine/Content/EditorMaterials/MatineeGroups/MAT_Groups_Slomo.uexp" 50
"../../../Engine/Content/EditorMaterials/MatineeGroups/MAT_Groups_Sound.uasset" 51
"../../../Engine/Content/EditorMaterials/MatineeGroups/MAT_Groups_Sound.uexp" 52
"../../../Engine/Content/EditorMaterials/MatineeGroups/MAT_Groups_Vector.uasset" 53
"../../../Engine/Content/EditorMaterials/MatineeGroups/MAT_Groups_Vector.uexp" 54
"../../../Engine/Content/EditorMaterials/ParticleSystems/PSysThumbnail_NoImage.uasset" 55
"../../../Engine/Content/EditorMaterials/ParticleSystems/PSysThumbnail_NoImage.uexp" 56
"../../../Engine/Content/EditorMaterials/ParticleSystems/PSysThumbnail_NoImage.ubulk" 57
"../../../Engine/Content/EditorMaterials/ParticleSystems/PSysThumbnail_OOD.uasset" 58
"../../../Engine/Content/EditorMaterials/ParticleSystems/PSysThumbnail_OOD.uexp" 59
"../../../Engine/Content/EditorMaterials/ParticleSystems/PSysThumbnail_OOD.ubulk" 60
"../../../Engine/Content/EditorMaterials/Camera/CineMat.uasset" 61
"../../../Engine/Content/EditorMaterials/Camera/CineMat.uexp" 62
"../../../Engine/Content/EditorMaterials/Camera/MI_CineMat_Rig.uasset" 63
"../../../Engine/Content/EditorMaterials/Camera/MI_CineMat_Rig.uexp" 64
"../../../Engine/Content/EditorMeshes/Camera/SM_CraneRig_Arm.uasset" 65
"../../../Engine/Content/EditorMeshes/Camera/SM_CraneRig_Arm.uexp" 66
"../../../Engine/Content/EditorMeshes/Camera/SM_CraneRig_Base.uasset" 67
"../../../Engine/Content/EditorMeshes/Camera/SM_CraneRig_Base.uexp" 68
"../../../Engine/Content/EditorMeshes/Camera/SM_CraneRig_Body.uasset" 69
"../../../Engine/Content/EditorMeshes/Camera/SM_CraneRig_Body.uexp" 70
"../../../Engine/Content/EditorMeshes/Camera/SM_CraneRig_Mount.uasset" 71
"../../../Engine/Content/EditorMeshes/Camera/SM_CraneRig_Mount.uexp" 72
"../../../Engine/Content/EditorMeshes/Camera/SM_RailRig_Mount.uasset" 73
"../../../Engine/Content/EditorMeshes/Camera/SM_RailRig_Mount.uexp" 74
"../../../Engine/Content/EditorMeshes/Camera/SM_RailRig_Track.uasset" 75
"../../../Engine/Content/EditorMeshes/Camera/SM_RailRig_Track.uexp" 76
"../../../Engine/Content/EditorResources/BSPVertex.uasset" 77
"../../../Engine/Content/EditorResources/BSPVertex.uexp" 78
"../../../Engine/Content/EditorResources/EmptyActor.uasset" 79
"../../../Engine/Content/EditorResources/EmptyActor.uexp" 80
"../../../Engine/Content/EditorResources/S_Actor.uasset" 81
"../../../Engine/Content/EditorResources/S_Actor.uexp" 82
"../../../Engine/Content/EditorResources/S_Actor.ubulk" 83
"../../../Engine/Content/EditorResources/S_Note.uasset" 84
"../../../Engine/Content/EditorResources/S_Note.uexp" 85
"../../../Engine/Content/EditorResources/S_Note.ubulk" 86
"../../../Engine/Content/EditorResources/S_Solver.uasset" 87
"../../../Engine/Content/EditorResources/S_Solver.uexp" 88
"../../../Engine/Content/EditorResources/S_Solver.ubulk" 89
"../../../Engine/Content/EditorResources/S_Terrain.uasset" 90
"../../../Engine/Content/EditorResources/S_Terrain.uexp" 91
"../../../Engine/Content/EditorResources/S_Terrain.ubulk" 92
"../../../Engine/Content/EditorResources/S_Trigger.uasset" 93
"../../../Engine/Content/EditorResources/S_Trigger.uexp" 94
"../../../Engine/Content/EditorResources/S_Trigger.ubulk" 95
"../../../Engine/Content/EditorResources/LightIcons/S_LightError.uasset" 96
"../../../Engine/Content/EditorResources/LightIcons/S_LightError.uexp" 97
"../../../Engine/Content/EditorResources/SequenceRecorder/Countdown.uasset" 98
"../../../Engine/Content/EditorResources/SequenceRecorder/Countdown.uexp" 99
"../../../Engine/Content/EditorResources/SequenceRecorder/RecordingIndicator.uasset" 100
"../../../Engine/Content/EditorResources/SequenceRecorder/RecordingIndicator.uexp" 101
"../../../Engine/Content/EngineDamageTypes/DmgTypeBP_Environmental.uasset" 102
"../../../Engine/Content/EngineDamageTypes/DmgTypeBP_Environmental.uexp" 103
"../../../Engine/Content/EngineDebugMaterials/DebugEditorMaterial.uasset" 104
"../../../Engine/Content/EngineDebugMaterials/DebugEditorMaterial.uexp" 105
"../../../Engine/Content/EngineDebugMaterials/DebugMeshMaterial.uasset" 106
"../../../Engine/Content/EngineDebugMaterials/DebugMeshMaterial.uexp" 107
"../../../Engine/Content/EngineDebugMaterials/M_SimpleUnlitTranslucent.uasset" 108
"../../../Engine/Content/EngineDebugMaterials/M_SimpleUnlitTranslucent.uexp" 109
"../../../Engine/Content/EngineDebugMaterials/VolumeToRender.uasset" 110
"../../../Engine/Content/EngineDebugMaterials/VolumeToRender.uexp" 111
"../../../Engine/Content/Functions/Engine_MaterialFunctions02/Utility/CameraDirectionVector.uasset" 112
"../../../Engine/Content/Functions/Engine_MaterialFunctions02/Utility/CameraDirectionVector.uexp" 113
"../../../Engine/Content/EngineDebugMaterials/M_VolumeRenderSphereTracePP.uasset" 114
"../../../Engine/Content/EngineDebugMaterials/M_VolumeRenderSphereTracePP.uexp" 115
"../../../Engine/Content/Functions/Engine_MaterialFunctions01/Shading/ConvertFromDiffSpec.uasset" 116
"../../../Engine/Content/Functions/Engine_MaterialFunctions01/Shading/ConvertFromDiffSpec.uexp" 117
"../../../Engine/Content/EngineDebugMaterials/VertexColorMaterial.uasset" 118
"../../../Engine/Content/EngineDebugMaterials/VertexColorMaterial.uexp" 119
"../../../Engine/Content/EngineDebugMaterials/WireframeMaterial.uasset" 120
"../../../Engine/Content/EngineDebugMaterials/WireframeMaterial.uexp" 121
"../../../Engine/Content/EngineFonts/Faces/RobotoRegular.uasset" 122
"../../../Engine/Content/EngineFonts/Faces/RobotoRegular.uexp" 123
"../../../Engine/Content/EngineFonts/Faces/RobotoRegular.ufont" 124
"../../../Engine/Content/EngineFonts/Faces/RobotoLight.uasset" 125
"../../../Engine/Content/EngineFonts/Faces/RobotoLight.uexp" 126
"../../../Engine/Content/EngineFonts/Faces/RobotoLight.ufont" 127
"../../../Engine/Content/EngineFonts/Faces/RobotoItalic.uasset" 128
"../../../Engine/Content/EngineFonts/Faces/RobotoItalic.uexp" 129
"../../../Engine/Content/EngineFonts/Faces/RobotoItalic.ufont" 130
"../../../Engine/Content/EngineFonts/Faces/RobotoBoldItalic.uasset" 131
"../../../Engine/Content/EngineFonts/Faces/RobotoBoldItalic.uexp" 132
"../../../Engine/Content/EngineFonts/Faces/RobotoBoldItalic.ufont" 133
"../../../Engine/Content/EngineFonts/Faces/RobotoBold.uasset" 134
"../../../Engine/Content/EngineFonts/Faces/RobotoBold.uexp" 135
"../../../Engine/Content/EngineFonts/Faces/RobotoBold.ufont" 136
"../../../Engine/Content/EngineFonts/Faces/DroidSansFallback.uasset" 137
"../../../Engine/Content/EngineFonts/Faces/DroidSansFallback.uexp" 138
"../../../Engine/Content/EngineFonts/Faces/DroidSansFallback.ufont" 139
"../../../Engine/Content/EngineFonts/Roboto.uasset" 140
"../../../Engine/Content/EngineFonts/Roboto.uexp" 141
"../../../Engine/Content/EngineMaterials/BaseFlattenNormalMap.uasset" 142
"../../../Engine/Content/EngineMaterials/BaseFlattenNormalMap.uexp" 143
"../../../Engine/Content/EngineMaterials/BaseFlattenGrayscaleMap.uasset" 144
"../../../Engine/Content/EngineMaterials/BaseFlattenGrayscaleMap.uexp" 145
"../../../Engine/Content/EngineMaterials/BaseFlattenEmissiveMap.uasset" 146
"../../../Engine/Content/EngineMaterials/BaseFlattenEmissiveMap.uexp" 147
"../../../Engine/Content/EngineMaterials/BaseFlattenDiffuseMap.uasset" 148
"../../../Engine/Content/EngineMaterials/BaseFlattenDiffuseMap.uexp" 149
"../../../Engine/Content/EngineMaterials/BaseFlattenMaterial.uasset" 150
"../../../Engine/Content/EngineMaterials/BaseFlattenMaterial.uexp" 151
"../../../Engine/Content/EngineMaterials/BlueNoise.uasset" 152
"../../../Engine/Content/EngineMaterials/BlueNoise.uexp" 153
"../../../Engine/Content/EngineMaterials/DefaultBloomKernel.uasset" 154
"../../../Engine/Content/EngineMaterials/DefaultBloomKernel.uexp" 155
"../../../Engine/Content/EngineMaterials/DefaultBokeh.uasset" 156
"../../../Engine/Content/EngineMaterials/DefaultBokeh.uexp" 157
"../../../Engine/Content/EngineMaterials/DefaultDiffuse.uasset" 158
"../../../Engine/Content/EngineMaterials/DefaultDiffuse.uexp" 159
"../../../Engine/Content/EngineMaterials/DefaultDiffuse.ubulk" 160
"../../../Engine/Content/EngineMaterials/DefaultDeferredDecalMaterial.uasset" 161
"../../../Engine/Content/EngineMaterials/DefaultDeferredDecalMaterial.uexp" 162
"../../../Engine/Content/EngineMaterials/DefaultLightFunctionMaterial.uasset" 163
"../../../Engine/Content/EngineMaterials/DefaultLightFunctionMaterial.uexp" 164
"../../../Engine/Content/EngineMaterials/DefaultPhysicalMaterial.uasset" 165
"../../../Engine/Content/EngineMaterials/DefaultPhysicalMaterial.uexp" 166
"../../../Engine/Content/Functions/Engine_MaterialFunctions02/Utility/BreakOutFloat2Components.uasset" 167
"../../../Engine/Content/Functions/Engine_MaterialFunctions02/Utility/BreakOutFloat2Components.uexp" 168
"../../../Engine/Content/EngineMaterials/DefaultPostProcessMaterial.uasset" 169
"../../../Engine/Content/EngineMaterials/DefaultPostProcessMaterial.uexp" 170
"../../../Engine/Content/EngineFonts/RobotoDistanceField.uasset" 171
"../../../Engine/Content/EngineFonts/RobotoDistanceField.uexp" 172
"../../../Engine/Content/EngineMaterials/DefaultTextMaterialOpaque.uasset" 173
"../../../Engine/Content/EngineMaterials/DefaultTextMaterialOpaque.uexp" 174
"../../../Engine/Content/EngineMaterials/DefaultWhiteGrid.uasset" 175
"../../../Engine/Content/EngineMaterials/DefaultWhiteGrid.uexp" 176
"../../../Engine/Content/EngineMaterials/DefaultWhiteGrid.ubulk" 177
"../../../Engine/Content/EngineMaterials/DefaultWhiteGrid_Low.uasset" 178
"../../../Engine/Content/EngineMaterials/DefaultWhiteGrid_Low.uexp" 179
"../../../Engine/Content/EngineMaterials/EmissiveMeshMaterial.uasset" 180
"../../../Engine/Content/EngineMaterials/EmissiveMeshMaterial.uexp" 181
"../../../Engine/Content/EngineMaterials/GizmoMaterial.uasset" 182
"../../../Engine/Content/EngineMaterials/GizmoMaterial.uexp" 183
"../../../Engine/Content/EngineMaterials/Good64x64TilingNoiseHighFreq.uasset" 184
"../../../Engine/Content/EngineMaterials/Good64x64TilingNoiseHighFreq.uexp" 185
"../../../Engine/Content/EngineMaterials/MiniFont.uasset" 186
"../../../Engine/Content/EngineMaterials/MiniFont.uexp" 187
"../../../Engine/Content/EngineMaterials/InvalidLightmapSettings.uasset" 188
"../../../Engine/Content/EngineMaterials/InvalidLightmapSettings.uexp" 189
"../../../Engine/Content/EngineMaterials/InvalidLightmapSettings.ubulk" 190
"../../../Engine/Content/EngineMaterials/M_InvalidLightmapSettings.uasset" 191
"../../../Engine/Content/EngineMaterials/M_InvalidLightmapSettings.uexp" 192
"../../../Engine/Content/Functions/Engine_MaterialFunctions02/WorldPositionOffset/CameraOffset.uasset" 193
"../../../Engine/Content/Functions/Engine_MaterialFunctions02/WorldPositionOffset/CameraOffset.uexp" 194
"../../../Engine/Content/EngineMaterials/PhAT_JointLimitMaterial.uasset" 195
"../../../Engine/Content/EngineMaterials/PhAT_JointLimitMaterial.uexp" 196
"../../../Engine/Content/EngineMaterials/DefaultCalibrationColor.uasset" 197
"../../../Engine/Content/EngineMaterials/DefaultCalibrationColor.uexp" 198
"../../../Engine/Content/EngineMaterials/PPM_DefaultCalibrationColor.uasset" 199
"../../../Engine/Content/EngineMaterials/PPM_DefaultCalibrationColor.uexp" 200
"../../../Engine/Content/EngineMaterials/DefaultCalibrationGrayscale.uasset" 201
"../../../Engine/Content/EngineMaterials/DefaultCalibrationGrayscale.uexp" 202
"../../../Engine/Content/EngineMaterials/PPM_DefaultCalibrationGrayscale.uasset" 203
"../../../Engine/Content/EngineMaterials/PPM_DefaultCalibrationGrayscale.uexp" 204
"../../../Engine/Content/EngineMaterials/PreintegratedSkinBRDF.uasset" 205
"../../../Engine/Content/EngineMaterials/PreintegratedSkinBRDF.uexp" 206
"../../../Engine/Content/EngineMaterials/RemoveSurfaceMaterial.uasset" 207
"../../../Engine/Content/EngineMaterials/RemoveSurfaceMaterial.uexp" 208
"../../../Engine/Content/EngineMaterials/WeightMapPlaceholderTexture.uasset" 209
"../../../Engine/Content/EngineMaterials/WeightMapPlaceholderTexture.uexp" 210
"../../../Engine/Content/EngineResources/WhiteSquareTexture.uasset" 211
"../../../Engine/Content/EngineResources/WhiteSquareTexture.uexp" 212
"../../../Engine/Content/EngineMaterials/Widget3DPassThrough.uasset" 213
"../../../Engine/Content/EngineMaterials/Widget3DPassThrough.uexp" 214
"../../../Engine/Content/EngineMaterials/Widget3DPassThrough_Masked.uasset" 215
"../../../Engine/Content/EngineMaterials/Widget3DPassThrough_Masked.uexp" 216
"../../../Engine/Content/EngineMaterials/Widget3DPassThrough_Opaque.uasset" 217
"../../../Engine/Content/EngineMaterials/Widget3DPassThrough_Opaque.uexp" 218
"../../../Engine/Content/EngineMaterials/Widget3DPassThrough_Masked_OneSided.uasset" 219
"../../../Engine/Content/EngineMaterials/Widget3DPassThrough_Masked_OneSided.uexp" 220
"../../../Engine/Content/EngineMaterials/Widget3DPassThrough_Opaque_OneSided.uasset" 221
"../../../Engine/Content/EngineMaterials/Widget3DPassThrough_Opaque_OneSided.uexp" 222
"../../../Engine/Content/EngineMaterials/Widget3DPassThrough_Translucent.uasset" 223
"../../../Engine/Content/EngineMaterials/Widget3DPassThrough_Translucent.uexp" 224
"../../../Engine/Content/EngineMaterials/Widget3DPassThrough_Translucent_OneSided.uasset" 225
"../../../Engine/Content/EngineMaterials/Widget3DPassThrough_Translucent_OneSided.uexp" 226
"../../../Engine/Content/EngineMeshes/Cube.uasset" 227
"../../../Engine/Content/EngineMeshes/Cube.uexp" 228
"../../../Engine/Content/EngineMeshes/Cylinder.uasset" 229
"../../../Engine/Content/EngineMeshes/Cylinder.uexp" 230
"../../../Engine/Content/EngineMeshes/Sphere.uasset" 231
"../../../Engine/Content/EngineMeshes/Sphere.uexp" 232
"../../../Engine/Content/EngineResources/DefaultTexture.uasset" 233
"../../../Engine/Content/EngineResources/DefaultTexture.uexp" 234
"../../../Engine/Content/EngineResources/DefaultTexture.ubulk" 235
"../../../Engine/Content/EngineResources/DefaultTextureCube.uasset" 236
"../../../Engine/Content/EngineResources/DefaultTextureCube.uexp" 237
"../../../Engine/Content/EngineResources/DefaultVolumeTexture2D.uasset" 238
"../../../Engine/Content/EngineResources/DefaultVolumeTexture2D.uexp" 239
"../../../Engine/Content/EngineResources/DefaultVolumeTexture.uasset" 240
"../../../Engine/Content/EngineResources/DefaultVolumeTexture.uexp" 241
"../../../Engine/Content/EngineResources/GradientTexture0.uasset" 242
"../../../Engine/Content/EngineResources/GradientTexture0.uexp" 243
"../../../Engine/Content/EngineSky/VolumetricClouds/T_NoiseShape64.uasset" 244
"../../../Engine/Content/EngineSky/VolumetricClouds/T_NoiseShape64.uexp" 245
"../../../Engine/Content/EngineSky/VolumetricClouds/T_NoiseShape64.ubulk" 246
"../../../Engine/Content/EngineSky/VolumetricClouds/T_VolumeNoiseShape64.uasset" 247
"../../../Engine/Content/EngineSky/VolumetricClouds/T_VolumeNoiseShape64.uexp" 248
"../../../Engine/Content/EngineSky/VolumetricClouds/T_NoiseErosion.uasset" 249
"../../../Engine/Content/EngineSky/VolumetricClouds/T_NoiseErosion.uexp" 250
"../../../Engine/Content/EngineSky/VolumetricClouds/T_NoiseErosion.ubulk" 251
"../../../Engine/Content/EngineSky/VolumetricClouds/T_VolumeNoiseErosion32.uasset" 252
"../../../Engine/Content/EngineSky/VolumetricClouds/T_VolumeNoiseErosion32.uexp" 253
"../../../Engine/Content/EngineSky/VolumetricClouds/CloudWeatherTexture.uasset" 254
"../../../Engine/Content/EngineSky/VolumetricClouds/CloudWeatherTexture.uexp" 255
"../../../Engine/Content/EngineSky/VolumetricClouds/CloudGradientTexture.uasset" 256
"../../../Engine/Content/EngineSky/VolumetricClouds/CloudGradientTexture.uexp" 257
"../../../Engine/Content/Functions/Engine_MaterialFunctions02/Utility/MakeFloat2.uasset" 258
"../../../Engine/Content/Functions/Engine_MaterialFunctions02/Utility/MakeFloat2.uexp" 259
"../../../Engine/Content/EngineSky/VolumetricClouds/m_SimpleVolumetricCloud.uasset" 260
"../../../Engine/Content/EngineSky/VolumetricClouds/m_SimpleVolumetricCloud.uexp" 261
"../../../Engine/Content/EngineSky/VolumetricClouds/m_SimpleVolumetricCloud_Inst.uasset" 262
"../../../Engine/Content/EngineSky/VolumetricClouds/m_SimpleVolumetricCloud_Inst.uexp" 263
"../../../Engine/Content/EngineSounds/Master.uasset" 264
"../../../Engine/Content/EngineSounds/Master.uexp" 265
"../../../Engine/Content/Functions/Engine_MaterialFunctions01/Shading/PowerToRoughness.uasset" 266
"../../../Engine/Content/Functions/Engine_MaterialFunctions01/Shading/PowerToRoughness.uexp" 267
"../../../Engine/Content/Maps/Templates/Thumbnails/Default.uasset" 268
"../../../Engine/Content/Maps/Templates/Thumbnails/Default.uexp" 269
"../../../Engine/Content/Maps/Templates/Thumbnails/TimeOfDay.uasset" 270
"../../../Engine/Content/Maps/Templates/Thumbnails/TimeOfDay.uexp" 271
"../../../Engine/Content/Maps/Templates/Thumbnails/VR-Basic.uasset" 272
"../../../Engine/Content/Maps/Templates/Thumbnails/VR-Basic.uexp" 273
"../../../Engine/Content/MobileResources/T_MobileControls_texture.uasset" 274
"../../../Engine/Content/MobileResources/T_MobileControls_texture.uexp" 275
"../../../Engine/Content/MobileResources/T_MobileMenu2.uasset" 276
"../../../Engine/Content/MobileResources/T_MobileMenu2.uexp" 277
"../../../Engine/Content/MobileResources/HUD/AnalogHat.uasset" 278
"../../../Engine/Content/MobileResources/HUD/AnalogHat.uexp" 279
"../../../Engine/Content/MobileResources/HUD/VirtualJoystick_Thumb.uasset" 280
"../../../Engine/Content/MobileResources/HUD/VirtualJoystick_Thumb.uexp" 281
"../../../Engine/Content/MobileResources/HUD/VirtualJoystick_Background.uasset" 282
"../../../Engine/Content/MobileResources/HUD/VirtualJoystick_Background.uexp" 283
"../../../Engine/Content/MobileResources/HUD/DefaultVirtualJoysticks.uasset" 284
"../../../Engine/Content/MobileResources/HUD/DefaultVirtualJoysticks.uexp" 285
"../../../Engine/Content/MobileResources/HUD/LeftVirtualJoystickOnly.uasset" 286
"../../../Engine/Content/MobileResources/HUD/LeftVirtualJoystickOnly.uexp" 287
"../../../Engine/Content/MobileResources/HUD/MobileHUDButton1_off.uasset" 288
"../../../Engine/Content/MobileResources/HUD/MobileHUDButton1_off.uexp" 289
"../../../Engine/Content/MobileResources/HUD/MobileHUDButton1_on.uasset" 290
"../../../Engine/Content/MobileResources/HUD/MobileHUDButton1_on.uexp" 291
"../../../Engine/Content/MobileResources/HUD/MobileHUDButton2_off.uasset" 292
"../../../Engine/Content/MobileResources/HUD/MobileHUDButton2_off.uexp" 293
"../../../Engine/Content/MobileResources/HUD/MobileHUDButton2_on.uasset" 294
"../../../Engine/Content/MobileResources/HUD/MobileHUDButton2_on.uexp" 295
"../../../Engine/Content/MobileResources/HUD/MobileHUDButton3.uasset" 296
"../../../Engine/Content/MobileResources/HUD/MobileHUDButton3.uexp" 297
"../../../Engine/Content/MobileResources/HUD/MobileHUDButtonFire.uasset" 298
"../../../Engine/Content/MobileResources/HUD/MobileHUDButtonFire.uexp" 299
"../../../Engine/Content/MobileResources/HUD/MobileHUDDirectionPad.uasset" 300
"../../../Engine/Content/MobileResources/HUD/MobileHUDDirectionPad.uexp" 301
"../../../Engine/Content/MobileResources/HUD/MobileHUDDirectionPad2.uasset" 302
"../../../Engine/Content/MobileResources/HUD/MobileHUDDirectionPad2.uexp" 303
"../../../Engine/Content/MobileResources/HUD/MobileHUDDirectionPad3.uasset" 304
"../../../Engine/Content/MobileResources/HUD/MobileHUDDirectionPad3.uexp" 305
"../../../Engine/Content/MobileResources/HUD/MobileHUDDirectionStick.uasset" 306
"../../../Engine/Content/MobileResources/HUD/MobileHUDDirectionStick.uexp" 307
"../../../Engine/Content/MobileResources/HUD/T_Castle_ThumbstickInner.uasset" 308
"../../../Engine/Content/MobileResources/HUD/T_Castle_ThumbstickInner.uexp" 309
"../../../Engine/Content/MobileResources/HUD/T_Castle_ThumbstickOutter.uasset" 310
"../../../Engine/Content/MobileResources/HUD/T_Castle_ThumbstickOutter.uexp" 311
"../../../Engine/Content/Tutorial/ContentIntroCurve.uasset" 312
"../../../Engine/Content/Tutorial/ContentIntroCurve.uexp" 313
"../../../Engine/Content/Tutorial/Basics/TutorialAssets/icon_tab_Levels_40x.uasset" 314
"../../../Engine/Content/Tutorial/Basics/TutorialAssets/icon_tab_Levels_40x.uexp" 315
"../../../Engine/Content/VREditor/TransformGizmo/TranslucentTransformGizmoMaterial.uasset" 316
"../../../Engine/Content/VREditor/TransformGizmo/TranslucentTransformGizmoMaterial.uexp" 317
"../../../Engine/Content/VREditor/LaserPointer/VR_LaserPower_01.uasset" 318
"../../../Engine/Content/VREditor/LaserPointer/VR_LaserPower_01.uexp" 319
"../../../Engine/Content/VREditor/LaserPointer/VR_LaserPower_01.ubulk" 320
"../../../Engine/Content/VREditor/TransformGizmo/TransformGizmoMaterial.uasset" 321
"../../../Engine/Content/VREditor/TransformGizmo/TransformGizmoMaterial.uexp" 322
"../../../Engine/Content/VREditor/TransformGizmo/BoundingBoxCorner.uasset" 323
"../../../Engine/Content/VREditor/TransformGizmo/BoundingBoxCorner.uexp" 324
"../../../Engine/Content/VREditor/TransformGizmo/BoundingBoxEdge.uasset" 325
"../../../Engine/Content/VREditor/TransformGizmo/BoundingBoxEdge.uexp" 326
"../../../Engine/Content/VREditor/TransformGizmo/PlaneTranslationHandle.uasset" 327
"../../../Engine/Content/VREditor/TransformGizmo/PlaneTranslationHandle.uexp" 328
"../../../Engine/Content/VREditor/TransformGizmo/Xray.uasset" 329
"../../../Engine/Content/VREditor/TransformGizmo/Xray.uexp" 330
"../../../Engine/Content/VREditor/TransformGizmo/Main.uasset" 331
"../../../Engine/Content/VREditor/TransformGizmo/Main.uexp" 332
"../../../Engine/Content/VREditor/TransformGizmo/SM_Sequencer_Key.uasset" 333
"../../../Engine/Content/VREditor/TransformGizmo/SM_Sequencer_Key.uexp" 334
"../../../Engine/Content/VREditor/TransformGizmo/SM_Sequencer_Node.uasset" 335
"../../../Engine/Content/VREditor/TransformGizmo/SM_Sequencer_Node.uexp" 336
"../../../Engine/Plugins/2D/Paper2D/Content/PlaceholderTextures/DummySpriteTexture.uasset" 337
"../../../Engine/Plugins/2D/Paper2D/Content/PlaceholderTextures/DummySpriteTexture.uexp" 338
"../../../Engine/Plugins/2D/Paper2D/Content/PlaceholderTextures/DummySpriteTexture.ubulk" 339
"../../../Engine/Plugins/2D/Paper2D/Content/DummySprite.uasset" 340
"../../../Engine/Plugins/2D/Paper2D/Content/DummySprite.uexp" 341
"../../../Engine/Plugins/2D/Paper2D/Content/DefaultPaperTerrainMaterial.uasset" 342
"../../../Engine/Plugins/2D/Paper2D/Content/DefaultPaperTerrainMaterial.uexp" 343
"../../../Engine/Plugins/2D/Paper2D/Content/DefaultSpriteMaterial.uasset" 344
"../../../Engine/Plugins/2D/Paper2D/Content/DefaultSpriteMaterial.uexp" 345
"../../../Engine/Plugins/2D/Paper2D/Content/MaskedUnlitSpriteMaterial.uasset" 346
"../../../Engine/Plugins/2D/Paper2D/Content/MaskedUnlitSpriteMaterial.uexp" 347
"../../../Engine/Plugins/2D/Paper2D/Content/OpaqueUnlitSpriteMaterial.uasset" 348
"../../../Engine/Plugins/2D/Paper2D/Content/OpaqueUnlitSpriteMaterial.uexp" 349
"../../../Engine/Content/Functions/Engine_MaterialFunctions02/Utility/BreakOutFloat3Components.uasset" 350
"../../../Engine/Content/Functions/Engine_MaterialFunctions02/Utility/BreakOutFloat3Components.uexp" 351
"../../../Engine/Plugins/Editor/SpeedTreeImporter/Content/SpeedTree9/UnpackInteger3.uasset" 352
"../../../Engine/Plugins/Editor/SpeedTreeImporter/Content/SpeedTree9/UnpackInteger3.uexp" 353
"../../../Engine/Plugins/Editor/SpeedTreeImporter/Content/SpeedTree9/UnpackDirection.uasset" 354
"../../../Engine/Plugins/Editor/SpeedTreeImporter/Content/SpeedTree9/UnpackDirection.uexp" 355
"../../../Engine/Plugins/Editor/SpeedTreeImporter/Content/SpeedTree9/game_wind_noise.uasset" 356
"../../../Engine/Plugins/Editor/SpeedTreeImporter/Content/SpeedTree9/game_wind_noise.uexp" 357
"../../../Engine/Plugins/Editor/SpeedTreeImporter/Content/SpeedTree9/game_wind_noise.ubulk" 358
"../../../Engine/Content/Functions/Engine_MaterialFunctions02/SafeNormalize.uasset" 359
"../../../Engine/Content/Functions/Engine_MaterialFunctions02/SafeNormalize.uexp" 360
"../../../Engine/Plugins/Editor/SpeedTreeImporter/Content/SpeedTree9/SpeedTreeWindMotion.uasset" 361
"../../../Engine/Plugins/Editor/SpeedTreeImporter/Content/SpeedTree9/SpeedTreeWindMotion.uexp" 362
"../../../Engine/Plugins/Editor/SpeedTreeImporter/Content/SpeedTree9/SpeedTreeBranchMotion.uasset" 363
"../../../Engine/Plugins/Editor/SpeedTreeImporter/Content/SpeedTree9/SpeedTreeBranchMotion.uexp" 364
"../../../Engine/Content/Functions/Engine_MaterialFunctions02/ObjectLocalBounds.uasset" 365
"../../../Engine/Content/Functions/Engine_MaterialFunctions02/ObjectLocalBounds.uexp" 366
"../../../Engine/Content/Functions/Engine_MaterialFunctions02/UVs/BoundingBoxBased_0-1_UVW.uasset" 367
"../../../Engine/Content/Functions/Engine_MaterialFunctions02/UVs/BoundingBoxBased_0-1_UVW.uexp" 368
"../../../Engine/Content/Functions/Engine_MaterialFunctions02/Utility/VectorLength.uasset" 369
"../../../Engine/Content/Functions/Engine_MaterialFunctions02/Utility/VectorLength.uexp" 370
"../../../Engine/Content/Functions/Engine_MaterialFunctions02/WorldPositionOffset/ObjectScale.uasset" 371
"../../../Engine/Content/Functions/Engine_MaterialFunctions02/WorldPositionOffset/ObjectScale.uexp" 372
"../../../Engine/Plugins/Editor/SpeedTreeImporter/Content/SpeedTree9/SpeedTreeWind.uasset" 373
"../../../Engine/Plugins/Editor/SpeedTreeImporter/Content/SpeedTree9/SpeedTreeWind.uexp" 374
"../../../Engine/Plugins/Editor/SpeedTreeImporter/Content/SpeedTree9/SpeedTreeBillboard.uasset" 375
"../../../Engine/Plugins/Editor/SpeedTreeImporter/Content/SpeedTree9/SpeedTreeBillboard.uexp" 376
"../../../Engine/Plugins/Editor/SpeedTreeImporter/Content/SpeedTree9/EmptyNormal.uasset" 377
"../../../Engine/Plugins/Editor/SpeedTreeImporter/Content/SpeedTree9/EmptyNormal.uexp" 378
"../../../Engine/Plugins/Editor/SpeedTreeImporter/Content/SpeedTree9/Empty.uasset" 379
"../../../Engine/Plugins/Editor/SpeedTreeImporter/Content/SpeedTree9/Empty.uexp" 380
"../../../Engine/Plugins/Editor/SpeedTreeImporter/Content/SpeedTree9/SpeedTreeBillboardMaster.uasset" 381
"../../../Engine/Plugins/Editor/SpeedTreeImporter/Content/SpeedTree9/SpeedTreeBillboardMaster.uexp" 382
"../../../Engine/Plugins/Editor/SpeedTreeImporter/Content/SpeedTree9/SpeedTreeCameraFacing.uasset" 383
"../../../Engine/Plugins/Editor/SpeedTreeImporter/Content/SpeedTree9/SpeedTreeCameraFacing.uexp" 384
"../../../Engine/Plugins/Editor/SpeedTreeImporter/Content/SpeedTree9/SpeedTreeMaster.uasset" 385
"../../../Engine/Plugins/Editor/SpeedTreeImporter/Content/SpeedTree9/SpeedTreeMaster.uexp" 386
"../../../Engine/Content/BasicShapes/Cylinder.uasset" 387
"../../../Engine/Content/BasicShapes/Cylinder.uexp" 388
"../../../Engine/Content/ArtTools/RenderToTexture/Materials/Debug/M_Emissive_Color.uasset" 389
"../../../Engine/Content/ArtTools/RenderToTexture/Materials/Debug/M_Emissive_Color.uexp" 390
"../../../Engine/Plugins/Lumin/MagicLeapPassableWorld/Content/MagicLeapARPinInfoActor.uasset" 391
"../../../Engine/Plugins/Lumin/MagicLeapPassableWorld/Content/MagicLeapARPinInfoActor.uexp" 392
"../../../Engine/Plugins/Runtime/OpenXR/Content/Devices/GoogleDaydream/MRTexture.uasset" 393
"../../../Engine/Plugins/Runtime/OpenXR/Content/Devices/GoogleDaydream/MRTexture.uexp" 394
"../../../Engine/Plugins/Runtime/OpenXR/Content/Devices/GoogleDaydream/MRTexture.ubulk" 395
"../../../Engine/Plugins/Runtime/OpenXR/Content/Devices/GoogleDaydream/BaseTexture.uasset" 396
"../../../Engine/Plugins/Runtime/OpenXR/Content/Devices/GoogleDaydream/BaseTexture.uexp" 397
"../../../Engine/Plugins/Runtime/OpenXR/Content/Devices/GoogleDaydream/BaseTexture.ubulk" 398
"../../../Engine/Content/EngineResources/Black.uasset" 399
"../../../Engine/Content/EngineResources/Black.uexp" 400
"../../../Engine/Plugins/Runtime/OpenXR/Content/Devices/M_XRController.uasset" 401
"../../../Engine/Plugins/Runtime/OpenXR/Content/Devices/M_XRController.uexp" 402
"../../../Engine/Plugins/Runtime/OpenXR/Content/Devices/GoogleDaydream/MI_GoogleDaydream.uasset" 403
"../../../Engine/Plugins/Runtime/OpenXR/Content/Devices/GoogleDaydream/MI_GoogleDaydream.uexp" 404
"../../../Engine/Plugins/Runtime/OpenXR/Content/Devices/GoogleDaydream/GoogleDaydreamController.uasset" 405
"../../../Engine/Plugins/Runtime/OpenXR/Content/Devices/GoogleDaydream/GoogleDaydreamController.uexp" 406
"../../../Engine/Plugins/Runtime/OpenXR/Content/Devices/HTCVive/BaseTexture.uasset" 407
"../../../Engine/Plugins/Runtime/OpenXR/Content/Devices/HTCVive/BaseTexture.uexp" 408
"../../../Engine/Plugins/Runtime/OpenXR/Content/Devices/HTCVive/BaseTexture.ubulk" 409
"../../../Engine/Plugins/Runtime/OpenXR/Content/Devices/HTCVive/MI_HTCVive.uasset" 410
"../../../Engine/Plugins/Runtime/OpenXR/Content/Devices/HTCVive/MI_HTCVive.uexp" 411
"../../../Engine/Plugins/Runtime/OpenXR/Content/Devices/HTCVive/HTCViveController.uasset" 412
"../../../Engine/Plugins/Runtime/OpenXR/Content/Devices/HTCVive/HTCViveController.uexp" 413
"../../../Engine/Plugins/Runtime/OpenXR/Content/Devices/MicrosoftMixedReality/NormalTexture.uasset" 414
"../../../Engine/Plugins/Runtime/OpenXR/Content/Devices/MicrosoftMixedReality/NormalTexture.uexp" 415
"../../../Engine/Plugins/Runtime/OpenXR/Content/Devices/MicrosoftMixedReality/NormalTexture.ubulk" 416
"../../../Engine/Plugins/Runtime/OpenXR/Content/Devices/MicrosoftMixedReality/MRTexture.uasset" 417
"../../../Engine/Plugins/Runtime/OpenXR/Content/Devices/MicrosoftMixedReality/MRTexture.uexp" 418
"../../../Engine/Plugins/Runtime/OpenXR/Content/Devices/MicrosoftMixedReality/MRTexture.ubulk" 419
"../../../Engine/Plugins/Runtime/OpenXR/Content/Devices/MicrosoftMixedReality/EmissiveTexture.uasset" 420
"../../../Engine/Plugins/Runtime/OpenXR/Content/Devices/MicrosoftMixedReality/EmissiveTexture.uexp" 421
"../../../Engine/Plugins/Runtime/OpenXR/Content/Devices/MicrosoftMixedReality/EmissiveTexture.ubulk" 422
"../../../Engine/Plugins/Runtime/OpenXR/Content/Devices/MicrosoftMixedReality/BaseTexture.uasset" 423
"../../../Engine/Plugins/Runtime/OpenXR/Content/Devices/MicrosoftMixedReality/BaseTexture.uexp" 424
"../../../Engine/Plugins/Runtime/OpenXR/Content/Devices/MicrosoftMixedReality/BaseTexture.ubulk" 425
"../../../Engine/Plugins/Runtime/OpenXR/Content/Devices/MicrosoftMixedReality/MI_MicrosoftMixedReality.uasset" 426
"../../../Engine/Plugins/Runtime/OpenXR/Content/Devices/MicrosoftMixedReality/MI_MicrosoftMixedReality.uexp" 427
"../../../Engine/Plugins/Runtime/OpenXR/Content/Devices/MicrosoftMixedReality/Left/left_MicrosoftMixedRealityController.uasset" 428
"../../../Engine/Plugins/Runtime/OpenXR/Content/Devices/MicrosoftMixedReality/Left/left_MicrosoftMixedRealityController.uexp" 429
"../../../Engine/Plugins/Runtime/OpenXR/Content/Devices/MicrosoftMixedReality/Right/right_MicrosoftMixedRealityController.uasset" 430
"../../../Engine/Plugins/Runtime/OpenXR/Content/Devices/MicrosoftMixedReality/Right/right_MicrosoftMixedRealityController.uexp" 431
"../../../Engine/Plugins/Runtime/OpenXR/Content/Devices/OculusGo/BaseTexture.uasset" 432
"../../../Engine/Plugins/Runtime/OpenXR/Content/Devices/OculusGo/BaseTexture.uexp" 433
"../../../Engine/Plugins/Runtime/OpenXR/Content/Devices/OculusGo/BaseTexture.ubulk" 434
"../../../Engine/Plugins/Runtime/OpenXR/Content/Devices/OculusGo/MI_OculusGo.uasset" 435
"../../../Engine/Plugins/Runtime/OpenXR/Content/Devices/OculusGo/MI_OculusGo.uexp" 436
"../../../Engine/Plugins/Runtime/OpenXR/Content/Devices/OculusGo/OculusGoController.uasset" 437
"../../../Engine/Plugins/Runtime/OpenXR/Content/Devices/OculusGo/OculusGoController.uexp" 438
"../../../Engine/Plugins/Runtime/OpenXR/Content/Devices/OculusTouch/MRTexture.uasset" 439
"../../../Engine/Plugins/Runtime/OpenXR/Content/Devices/OculusTouch/MRTexture.uexp" 440
"../../../Engine/Plugins/Runtime/OpenXR/Content/Devices/OculusTouch/MRTexture.ubulk" 441
"../../../Engine/Plugins/Runtime/OpenXR/Content/Devices/OculusTouch/BaseTexture.uasset" 442
"../../../Engine/Plugins/Runtime/OpenXR/Content/Devices/OculusTouch/BaseTexture.uexp" 443
"../../../Engine/Plugins/Runtime/OpenXR/Content/Devices/OculusTouch/BaseTexture.ubulk" 444
"../../../Engine/Plugins/Runtime/OpenXR/Content/Devices/OculusTouch/MI_OculusTouch.uasset" 445
"../../../Engine/Plugins/Runtime/OpenXR/Content/Devices/OculusTouch/MI_OculusTouch.uexp" 446
"../../../Engine/Plugins/Runtime/OpenXR/Content/Devices/OculusTouch/Left/left_OculusTouchController.uasset" 447
"../../../Engine/Plugins/Runtime/OpenXR/Content/Devices/OculusTouch/Left/left_OculusTouchController.uexp" 448
"../../../Engine/Plugins/Runtime/OpenXR/Content/Devices/OculusTouch/Right/right_OculusTouchController.uasset" 449
"../../../Engine/Plugins/Runtime/OpenXR/Content/Devices/OculusTouch/Right/right_OculusTouchController.uexp" 450
"../../../Engine/Plugins/Runtime/OpenXR/Content/Devices/OculusTouch_v2/MRTexture.uasset" 451
"../../../Engine/Plugins/Runtime/OpenXR/Content/Devices/OculusTouch_v2/MRTexture.uexp" 452
"../../../Engine/Plugins/Runtime/OpenXR/Content/Devices/OculusTouch_v2/MRTexture.ubulk" 453
"../../../Engine/Plugins/Runtime/OpenXR/Content/Devices/OculusTouch_v2/BaseTexture.uasset" 454
"../../../Engine/Plugins/Runtime/OpenXR/Content/Devices/OculusTouch_v2/BaseTexture.uexp" 455
"../../../Engine/Plugins/Runtime/OpenXR/Content/Devices/OculusTouch_v2/BaseTexture.ubulk" 456
"../../../Engine/Plugins/Runtime/OpenXR/Content/Devices/OculusTouch_v2/MI_OculusTouch_v2.uasset" 457
"../../../Engine/Plugins/Runtime/OpenXR/Content/Devices/OculusTouch_v2/MI_OculusTouch_v2.uexp" 458
"../../../Engine/Plugins/Runtime/OpenXR/Content/Devices/OculusTouch_v2/Left/left_OculusTouch_v2Controller.uasset" 459
"../../../Engine/Plugins/Runtime/OpenXR/Content/Devices/OculusTouch_v2/Left/left_OculusTouch_v2Controller.uexp" 460
"../../../Engine/Plugins/Runtime/OpenXR/Content/Devices/OculusTouch_v2/Right/right_OculusTouch_v2Controller.uasset" 461
"../../../Engine/Plugins/Runtime/OpenXR/Content/Devices/OculusTouch_v2/Right/right_OculusTouch_v2Controller.uexp" 462
"../../../Engine/Plugins/Runtime/OpenXR/Content/Devices/OculusTouch_v3/MRTexture.uasset" 463
"../../../Engine/Plugins/Runtime/OpenXR/Content/Devices/OculusTouch_v3/MRTexture.uexp" 464
"../../../Engine/Plugins/Runtime/OpenXR/Content/Devices/OculusTouch_v3/MRTexture.ubulk" 465
"../../../Engine/Plugins/Runtime/OpenXR/Content/Devices/OculusTouch_v3/BaseTexture.uasset" 466
"../../../Engine/Plugins/Runtime/OpenXR/Content/Devices/OculusTouch_v3/BaseTexture.uexp" 467
"../../../Engine/Plugins/Runtime/OpenXR/Content/Devices/OculusTouch_v3/BaseTexture.ubulk" 468
"../../../Engine/Plugins/Runtime/OpenXR/Content/Devices/OculusTouch_v3/MI_OculusTouch_v3.uasset" 469
"../../../Engine/Plugins/Runtime/OpenXR/Content/Devices/OculusTouch_v3/MI_OculusTouch_v3.uexp" 470
"../../../Engine/Plugins/Runtime/OpenXR/Content/Devices/OculusTouch_v3/Left/left_OculusTouch_v3Controller.uasset" 471
"../../../Engine/Plugins/Runtime/OpenXR/Content/Devices/OculusTouch_v3/Left/left_OculusTouch_v3Controller.uexp" 472
"../../../Engine/Plugins/Runtime/OpenXR/Content/Devices/OculusTouch_v3/Right/right_OculusTouch_v3Controller.uasset" 473
"../../../Engine/Plugins/Runtime/OpenXR/Content/Devices/OculusTouch_v3/Right/right_OculusTouch_v3Controller.uexp" 474
"../../../Engine/Plugins/Runtime/OpenXR/Content/Devices/ValveIndex/Left/left_MRTexture.uasset" 475
"../../../Engine/Plugins/Runtime/OpenXR/Content/Devices/ValveIndex/Left/left_MRTexture.uexp" 476
"../../../Engine/Plugins/Runtime/OpenXR/Content/Devices/ValveIndex/Left/left_MRTexture.ubulk" 477
"../../../Engine/Plugins/Runtime/OpenXR/Content/Devices/ValveIndex/Left/left_BaseTexture.uasset" 478
"../../../Engine/Plugins/Runtime/OpenXR/Content/Devices/ValveIndex/Left/left_BaseTexture.uexp" 479
"../../../Engine/Plugins/Runtime/OpenXR/Content/Devices/ValveIndex/Left/left_BaseTexture.ubulk" 480
"../../../Engine/Plugins/Runtime/OpenXR/Content/Devices/ValveIndex/Left/MI_left_ValveIndex.uasset" 481
"../../../Engine/Plugins/Runtime/OpenXR/Content/Devices/ValveIndex/Left/MI_left_ValveIndex.uexp" 482
"../../../Engine/Plugins/Runtime/OpenXR/Content/Devices/ValveIndex/Left/left_ValveIndexController.uasset" 483
"../../../Engine/Plugins/Runtime/OpenXR/Content/Devices/ValveIndex/Left/left_ValveIndexController.uexp" 484
"../../../Engine/Plugins/Runtime/OpenXR/Content/Devices/ValveIndex/Right/right_MRTexture.uasset" 485
"../../../Engine/Plugins/Runtime/OpenXR/Content/Devices/ValveIndex/Right/right_MRTexture.uexp" 486
"../../../Engine/Plugins/Runtime/OpenXR/Content/Devices/ValveIndex/Right/right_MRTexture.ubulk" 487
"../../../Engine/Plugins/Runtime/OpenXR/Content/Devices/ValveIndex/Right/right_BaseTexture.uasset" 488
"../../../Engine/Plugins/Runtime/OpenXR/Content/Devices/ValveIndex/Right/right_BaseTexture.uexp" 489
"../../../Engine/Plugins/Runtime/OpenXR/Content/Devices/ValveIndex/Right/right_BaseTexture.ubulk" 490
"../../../Engine/Plugins/Runtime/OpenXR/Content/Devices/ValveIndex/Right/MI_right_ValveIndex.uasset" 491
"../../../Engine/Plugins/Runtime/OpenXR/Content/Devices/ValveIndex/Right/MI_right_ValveIndex.uexp" 492
"../../../Engine/Plugins/Runtime/OpenXR/Content/Devices/ValveIndex/Right/right_ValveIndexController.uasset" 493
"../../../Engine/Plugins/Runtime/OpenXR/Content/Devices/ValveIndex/Right/right_ValveIndexController.uexp" 494
"../../../Engine/Content/Functions/Engine_MaterialFunctions02/Utility/BreakOutFloat4Components.uasset" 495
"../../../Engine/Content/Functions/Engine_MaterialFunctions02/Utility/BreakOutFloat4Components.uexp" 496
"../../../Engine/Content/Functions/Engine_MaterialFunctions02/Utility/MakeFloat3.uasset" 497
"../../../Engine/Content/Functions/Engine_MaterialFunctions02/Utility/MakeFloat3.uexp" 498
"../../../Engine/Plugins/Runtime/Oculus/OculusVR/Content/Materials/OculusMR_ChromaKey.uasset" 499
"../../../Engine/Plugins/Runtime/Oculus/OculusVR/Content/Materials/OculusMR_ChromaKey.uexp" 500
"../../../Engine/Plugins/Runtime/Oculus/OculusVR/Content/Materials/OculusMR_OpaqueColoredMaterial.uasset" 501
"../../../Engine/Plugins/Runtime/Oculus/OculusVR/Content/Materials/OculusMR_OpaqueColoredMaterial.uexp" 502
"../../../Engine/Plugins/Runtime/Oculus/OculusVR/Content/Materials/PokeAHoleMaterial.uasset" 503
"../../../Engine/Plugins/Runtime/Oculus/OculusVR/Content/Materials/PokeAHoleMaterial.uexp" 504
"../../../Engine/Plugins/Runtime/Oculus/OculusVR/Content/Textures/touchController_controlmap.uasset" 505
"../../../Engine/Plugins/Runtime/Oculus/OculusVR/Content/Textures/touchController_controlmap.uexp" 506
"../../../Engine/Plugins/Runtime/Oculus/OculusVR/Content/Textures/touchController_controlmap.ubulk" 507
"../../../Engine/Plugins/Runtime/Oculus/OculusVR/Content/Textures/touchController_albedo.uasset" 508
"../../../Engine/Plugins/Runtime/Oculus/OculusVR/Content/Textures/touchController_albedo.uexp" 509
"../../../Engine/Plugins/Runtime/Oculus/OculusVR/Content/Textures/touchController_albedo.ubulk" 510
"../../../Engine/Plugins/Runtime/Oculus/OculusVR/Content/Materials/touchController_mat.uasset" 511
"../../../Engine/Plugins/Runtime/Oculus/OculusVR/Content/Materials/touchController_mat.uexp" 512
"../../../Engine/Plugins/Runtime/Oculus/OculusVR/Content/Meshes/LeftTouchController.uasset" 513
"../../../Engine/Plugins/Runtime/Oculus/OculusVR/Content/Meshes/LeftTouchController.uexp" 514
"../../../Engine/Plugins/Runtime/Oculus/OculusVR/Content/Textures/TouchForQuestRiftSController_albedo.uasset" 515
"../../../Engine/Plugins/Runtime/Oculus/OculusVR/Content/Textures/TouchForQuestRiftSController_albedo.uexp" 516
"../../../Engine/Plugins/Runtime/Oculus/OculusVR/Content/Textures/TouchForQuestRiftSController_albedo.ubulk" 517
"../../../Engine/Plugins/Runtime/Oculus/OculusVR/Content/Materials/TouchForQuestRiftSControllerMaterial.uasset" 518
"../../../Engine/Plugins/Runtime/Oculus/OculusVR/Content/Materials/TouchForQuestRiftSControllerMaterial.uexp" 519
"../../../Engine/Plugins/Runtime/Oculus/OculusVR/Content/Meshes/LeftTouchForQuestRiftSController.uasset" 520
"../../../Engine/Plugins/Runtime/Oculus/OculusVR/Content/Meshes/LeftTouchForQuestRiftSController.uexp" 521
"../../../Engine/Plugins/Runtime/Oculus/OculusVR/Content/Meshes/RiftHMD.uasset" 522
"../../../Engine/Plugins/Runtime/Oculus/OculusVR/Content/Meshes/RiftHMD.uexp" 523
"../../../Engine/Plugins/Runtime/Oculus/OculusVR/Content/Meshes/RightTouchController.uasset" 524
"../../../Engine/Plugins/Runtime/Oculus/OculusVR/Content/Meshes/RightTouchController.uexp" 525
"../../../Engine/Plugins/Runtime/Oculus/OculusVR/Content/Meshes/RightTouchForQuestRiftSController.uasset" 526
"../../../Engine/Plugins/Runtime/Oculus/OculusVR/Content/Meshes/RightTouchForQuestRiftSController.uexp" 527
"C:/Users/gamedev/Documents/Unreal Projects/TwinStickShooter/Content/StarterContent/HDRI/HDRI_Epic_Courtyard_Daylight.uasset" 528
"C:/Users/gamedev/Documents/Unreal Projects/TwinStickShooter/Content/StarterContent/HDRI/HDRI_Epic_Courtyard_Daylight.uexp" 529
"C:/Users/gamedev/Documents/Unreal Projects/TwinStickShooter/Content/StarterContent/Textures/T_Rock_Basalt_N.uasset" 530
"C:/Users/gamedev/Documents/Unreal Projects/TwinStickShooter/Content/StarterContent/Textures/T_Rock_Basalt_N.uexp" 531
"C:/Users/gamedev/Documents/Unreal Projects/TwinStickShooter/Content/StarterContent/Textures/T_Rock_Basalt_N.ubulk" 532
"C:/Users/gamedev/Documents/Unreal Projects/TwinStickShooter/Content/StarterContent/Textures/T_Rock_Basalt_D.uasset" 533
"C:/Users/gamedev/Documents/Unreal Projects/TwinStickShooter/Content/StarterContent/Textures/T_Rock_Basalt_D.uexp" 534
"C:/Users/gamedev/Documents/Unreal Projects/TwinStickShooter/Content/StarterContent/Textures/T_Rock_Basalt_D.ubulk" 535
"C:/Users/gamedev/Documents/Unreal Projects/TwinStickShooter/Content/StarterContent/Textures/T_Perlin_Noise_M.uasset" 536
"C:/Users/gamedev/Documents/Unreal Projects/TwinStickShooter/Content/StarterContent/Textures/T_Perlin_Noise_M.uexp" 537
"C:/Users/gamedev/Documents/Unreal Projects/TwinStickShooter/Content/StarterContent/Textures/T_Perlin_Noise_M.ubulk" 538
"C:/Users/gamedev/Documents/Unreal Projects/TwinStickShooter/Content/StarterContent/Textures/T_MacroVariation.uasset" 539
"C:/Users/gamedev/Documents/Unreal Projects/TwinStickShooter/Content/StarterContent/Textures/T_MacroVariation.uexp" 540
"C:/Users/gamedev/Documents/Unreal Projects/TwinStickShooter/Content/StarterContent/Materials/M_Rock_Basalt.uasset" 541
"C:/Users/gamedev/Documents/Unreal Projects/TwinStickShooter/Content/StarterContent/Materials/M_Rock_Basalt.uexp" 542
"C:/Users/gamedev/Documents/Unreal Projects/TwinStickShooter/Content/StarterContent/Textures/T_Ground_Gravel_N.uasset" 543
"C:/Users/gamedev/Documents/Unreal Projects/TwinStickShooter/Content/StarterContent/Textures/T_Ground_Gravel_N.uexp" 544
"C:/Users/gamedev/Documents/Unreal Projects/TwinStickShooter/Content/StarterContent/Textures/T_Ground_Gravel_N.ubulk" 545
"C:/Users/gamedev/Documents/Unreal Projects/TwinStickShooter/Content/StarterContent/Textures/T_Ground_Gravel_D.uasset" 546
"C:/Users/gamedev/Documents/Unreal Projects/TwinStickShooter/Content/StarterContent/Textures/T_Ground_Gravel_D.uexp" 547
"C:/Users/gamedev/Documents/Unreal Projects/TwinStickShooter/Content/StarterContent/Textures/T_Ground_Gravel_D.ubulk" 548
"C:/Users/gamedev/Documents/Unreal Projects/TwinStickShooter/Content/StarterContent/Materials/M_Ground_Gravel.uasset" 549
"C:/Users/gamedev/Documents/Unreal Projects/TwinStickShooter/Content/StarterContent/Materials/M_Ground_Gravel.uexp" 550
"C:/Users/gamedev/Documents/Unreal Projects/TwinStickShooter/Content/Potions_CameronCottee/Textures/MagicPotionPieces_DefaultMaterial_OcclusionRoughnessMetallic.uasset" 551
"C:/Users/gamedev/Documents/Unreal Projects/TwinStickShooter/Content/Potions_CameronCottee/Textures/MagicPotionPieces_DefaultMaterial_OcclusionRoughnessMetallic.uexp" 552
"C:/Users/gamedev/Documents/Unreal Projects/TwinStickShooter/Content/Potions_CameronCottee/Textures/MagicPotionPieces_DefaultMaterial_OcclusionRoughnessMetallic.ubulk" 553
"C:/Users/gamedev/Documents/Unreal Projects/TwinStickShooter/Content/Potions_CameronCottee/Textures/MagicPotionPieces_DefaultMaterial_Normal.uasset" 554
"C:/Users/gamedev/Documents/Unreal Projects/TwinStickShooter/Content/Potions_CameronCottee/Textures/MagicPotionPieces_DefaultMaterial_Normal.uexp" 555
"C:/Users/gamedev/Documents/Unreal Projects/TwinStickShooter/Content/Potions_CameronCottee/Textures/MagicPotionPieces_DefaultMaterial_Normal.ubulk" 556
"C:/Users/gamedev/Documents/Unreal Projects/TwinStickShooter/Content/Potions_CameronCottee/Textures/MagicPotionPieces_DefaultMaterial_BaseColor.uasset" 557
"C:/Users/gamedev/Documents/Unreal Projects/TwinStickShooter/Content/Potions_CameronCottee/Textures/MagicPotionPieces_DefaultMaterial_BaseColor.uexp" 558
"C:/Users/gamedev/Documents/Unreal Projects/TwinStickShooter/Content/Potions_CameronCottee/Textures/MagicPotionPieces_DefaultMaterial_BaseColor.ubulk" 559
"C:/Users/gamedev/Documents/Unreal Projects/TwinStickShooter/Content/Potions_CameronCottee/Materials/M_MagicPieces.uasset" 560
"C:/Users/gamedev/Documents/Unreal Projects/TwinStickShooter/Content/Potions_CameronCottee/Materials/M_MagicPieces.uexp" 561
"C:/Users/gamedev/Documents/Unreal Projects/TwinStickShooter/Content/StarterContent/Textures/T_Water_N.uasset" 562
"C:/Users/gamedev/Documents/Unreal Projects/TwinStickShooter/Content/StarterContent/Textures/T_Water_N.uexp" 563
"C:/Users/gamedev/Documents/Unreal Projects/TwinStickShooter/Content/StarterContent/Textures/T_Water_N.ubulk" 564
"../../../Engine/Content/Functions/Engine_MaterialFunctions01/Texturing/FlattenNormal.uasset" 565
"../../../Engine/Content/Functions/Engine_MaterialFunctions01/Texturing/FlattenNormal.uexp" 566
"C:/Users/gamedev/Documents/Unreal Projects/TwinStickShooter/Content/Potions_CameronCottee/Materials/M_MasterGlass.uasset" 567
"C:/Users/gamedev/Documents/Unreal Projects/TwinStickShooter/Content/Potions_CameronCottee/Materials/M_MasterGlass.uexp" 568
"C:/Users/gamedev/Documents/Unreal Projects/TwinStickShooter/Content/Potions_CameronCottee/Materials/MI_BottleGlassR.uasset" 569
"C:/Users/gamedev/Documents/Unreal Projects/TwinStickShooter/Content/Potions_CameronCottee/Materials/MI_BottleGlassR.uexp" 570
"C:/Users/gamedev/Documents/Unreal Projects/TwinStickShooter/Content/Potions_CameronCottee/Meshes/PotionGlass.uasset" 571
"C:/Users/gamedev/Documents/Unreal Projects/TwinStickShooter/Content/Potions_CameronCottee/Meshes/PotionGlass.uexp" 572
"C:/Users/gamedev/Documents/Unreal Projects/TwinStickShooter/Content/Potions_CameronCottee/Meshes/MagicPotionPieces.uasset" 573
"C:/Users/gamedev/Documents/Unreal Projects/TwinStickShooter/Content/Potions_CameronCottee/Meshes/MagicPotionPieces.uexp" 574
"C:/Users/gamedev/Documents/Unreal Projects/TwinStickShooter/Content/Materials/M_Laser.uasset" 575
"C:/Users/gamedev/Documents/Unreal Projects/TwinStickShooter/Content/Materials/M_Laser.uexp" 576
"../../../Engine/Content/BasicShapes/Sphere.uasset" 577
"../../../Engine/Content/BasicShapes/Sphere.uexp" 578
"C:/Users/gamedev/Documents/Unreal Projects/TwinStickShooter/Content/StarterContent/Textures/T_Spark_Core.uasset" 579
"C:/Users/gamedev/Documents/Unreal Projects/TwinStickShooter/Content/StarterContent/Textures/T_Spark_Core.uexp" 580
"C:/Users/gamedev/Documents/Unreal Projects/TwinStickShooter/Content/StarterContent/Textures/T_Spark_Core.ubulk" 581
"C:/Users/gamedev/Documents/Unreal Projects/TwinStickShooter/Content/StarterContent/Particles/Materials/M_Spark.uasset" 582
"C:/Users/gamedev/Documents/Unreal Projects/TwinStickShooter/Content/StarterContent/Particles/Materials/M_Spark.uexp" 583
"../../../Engine/Content/Functions/Engine_MaterialFunctions01/Gradient/RadialGradient.uasset" 584
"../../../Engine/Content/Functions/Engine_MaterialFunctions01/Gradient/RadialGradient.uexp" 585
"C:/Users/gamedev/Documents/Unreal Projects/TwinStickShooter/Content/StarterContent/Particles/Materials/M_Radial_Gradient.uasset" 586
"C:/Users/gamedev/Documents/Unreal Projects/TwinStickShooter/Content/StarterContent/Particles/Materials/M_Radial_Gradient.uexp" 587
"C:/Users/gamedev/Documents/Unreal Projects/TwinStickShooter/Content/StarterContent/Textures/T_Smoke_Tiled_D.uasset" 588
"C:/Users/gamedev/Documents/Unreal Projects/TwinStickShooter/Content/StarterContent/Textures/T_Smoke_Tiled_D.uexp" 589
"C:/Users/gamedev/Documents/Unreal Projects/TwinStickShooter/Content/StarterContent/Textures/T_Smoke_Tiled_D.ubulk" 590
"C:/Users/gamedev/Documents/Unreal Projects/TwinStickShooter/Content/StarterContent/Textures/T_Smoke_SubUV.uasset" 591
"C:/Users/gamedev/Documents/Unreal Projects/TwinStickShooter/Content/StarterContent/Textures/T_Smoke_SubUV.uexp" 592
"C:/Users/gamedev/Documents/Unreal Projects/TwinStickShooter/Content/StarterContent/Textures/T_Smoke_SubUV.ubulk" 593
"C:/Users/gamedev/Documents/Unreal Projects/TwinStickShooter/Content/StarterContent/Particles/Materials/M_smoke_subUV.uasset" 594
"C:/Users/gamedev/Documents/Unreal Projects/TwinStickShooter/Content/StarterContent/Particles/Materials/M_smoke_subUV.uexp" 595
"C:/Users/gamedev/Documents/Unreal Projects/TwinStickShooter/Content/StarterContent/Particles/P_LaserSparks_DamageBoosted.uasset" 596
"C:/Users/gamedev/Documents/Unreal Projects/TwinStickShooter/Content/StarterContent/Particles/P_LaserSparks_DamageBoosted.uexp" 597
"C:/Users/gamedev/Documents/Unreal Projects/TwinStickShooter/Content/StarterContent/Particles/P_LaserSparks.uasset" 598
"C:/Users/gamedev/Documents/Unreal Projects/TwinStickShooter/Content/StarterContent/Particles/P_LaserSparks.uexp" 599
"C:/Users/gamedev/Documents/Unreal Projects/TwinStickShooter/Content/Blueprints/BPI_Damageable.uasset" 600
"C:/Users/gamedev/Documents/Unreal Projects/TwinStickShooter/Content/Blueprints/BPI_Damageable.uexp" 601
"C:/Users/gamedev/Documents/Unreal Projects/TwinStickShooter/Content/Blueprints/BP_Projectile.uasset" 602
"C:/Users/gamedev/Documents/Unreal Projects/TwinStickShooter/Content/Blueprints/BP_Projectile.uexp" 603
"../../../Engine/Content/EditorBlueprintResources/StandardMacros.uasset" 604
"../../../Engine/Content/EditorBlueprintResources/StandardMacros.uexp" 605
"C:/Users/gamedev/Documents/Unreal Projects/TwinStickShooter/Content/Sounds/LaserBlast_DamageBoosted.uasset" 606
"C:/Users/gamedev/Documents/Unreal Projects/TwinStickShooter/Content/Sounds/LaserBlast_DamageBoosted.uexp" 607
"C:/Users/gamedev/Documents/Unreal Projects/TwinStickShooter/Content/Sounds/LaserBlast_DamageBoosted_Cue.uasset" 608
"C:/Users/gamedev/Documents/Unreal Projects/TwinStickShooter/Content/Sounds/LaserBlast_DamageBoosted_Cue.uexp" 609
"C:/Users/gamedev/Documents/Unreal Projects/TwinStickShooter/Content/Sounds/LaserBlast.uasset" 610
"C:/Users/gamedev/Documents/Unreal Projects/TwinStickShooter/Content/Sounds/LaserBlast.uexp" 611
"C:/Users/gamedev/Documents/Unreal Projects/TwinStickShooter/Content/Sounds/LaserBlast_Cue.uasset" 612
"C:/Users/gamedev/Documents/Unreal Projects/TwinStickShooter/Content/Sounds/LaserBlast_Cue.uexp" 613
"C:/Users/gamedev/Documents/Unreal Projects/TwinStickShooter/Content/FPWeapon/Textures/T_FPGun_M.uasset" 614
"C:/Users/gamedev/Documents/Unreal Projects/TwinStickShooter/Content/FPWeapon/Textures/T_FPGun_M.uexp" 615
"C:/Users/gamedev/Documents/Unreal Projects/TwinStickShooter/Content/FPWeapon/Textures/T_FPGun_M.ubulk" 616
"C:/Users/gamedev/Documents/Unreal Projects/TwinStickShooter/Content/FPWeapon/Textures/T_FPGun_AO.uasset" 617
"C:/Users/gamedev/Documents/Unreal Projects/TwinStickShooter/Content/FPWeapon/Textures/T_FPGun_AO.uexp" 618
"C:/Users/gamedev/Documents/Unreal Projects/TwinStickShooter/Content/FPWeapon/Textures/T_FPGun_AO.ubulk" 619
"C:/Users/gamedev/Documents/Unreal Projects/TwinStickShooter/Content/FPWeapon/Textures/T_FPGun_N.uasset" 620
"C:/Users/gamedev/Documents/Unreal Projects/TwinStickShooter/Content/FPWeapon/Textures/T_FPGun_N.uexp" 621
"C:/Users/gamedev/Documents/Unreal Projects/TwinStickShooter/Content/FPWeapon/Textures/T_FPGun_N.ubulk" 622
"../../../Engine/Content/Functions/Engine_MaterialFunctions01/Shading/MetallicShading.uasset" 623
"../../../Engine/Content/Functions/Engine_MaterialFunctions01/Shading/MetallicShading.uexp" 624
"C:/Users/gamedev/Documents/Unreal Projects/TwinStickShooter/Content/FPWeapon/Textures/UE4_Mannequin_occlusion_Mobile.uasset" 625
"C:/Users/gamedev/Documents/Unreal Projects/TwinStickShooter/Content/FPWeapon/Textures/UE4_Mannequin_occlusion_Mobile.uexp" 626
"C:/Users/gamedev/Documents/Unreal Projects/TwinStickShooter/Content/FPWeapon/Textures/UE4_Mannequin_occlusion_Mobile.ubulk" 627
"C:/Users/gamedev/Documents/Unreal Projects/TwinStickShooter/Content/FPWeapon/Materials/MF_BaseColorTintAndContrast.uasset" 628
"C:/Users/gamedev/Documents/Unreal Projects/TwinStickShooter/Content/FPWeapon/Materials/MF_BaseColorTintAndContrast.uexp" 629
"C:/Users/gamedev/Documents/Unreal Projects/TwinStickShooter/Content/FPWeapon/Materials/MF_RoughnessAdjustment.uasset" 630
"C:/Users/gamedev/Documents/Unreal Projects/TwinStickShooter/Content/FPWeapon/Materials/MF_RoughnessAdjustment.uexp" 631
"C:/Users/gamedev/Documents/Unreal Projects/TwinStickShooter/Content/FPWeapon/Materials/MaterialLayers/ML_Plastic_Shiny_Beige.uasset" 632
"C:/Users/gamedev/Documents/Unreal Projects/TwinStickShooter/Content/FPWeapon/Materials/MaterialLayers/ML_Plastic_Shiny_Beige.uexp" 633
"C:/Users/gamedev/Documents/Unreal Projects/TwinStickShooter/Content/FPWeapon/Textures/UE4_LOGO_CARD.uasset" 634
"C:/Users/gamedev/Documents/Unreal Projects/TwinStickShooter/Content/FPWeapon/Textures/UE4_LOGO_CARD.uexp" 635
"C:/Users/gamedev/Documents/Unreal Projects/TwinStickShooter/Content/FPWeapon/Textures/UE4_LOGO_CARD.ubulk" 636
"C:/Users/gamedev/Documents/Unreal Projects/TwinStickShooter/Content/FPWeapon/Materials/MaterialLayers/ML_Plastic_Shiny_Beige_LOGO.uasset" 637
"C:/Users/gamedev/Documents/Unreal Projects/TwinStickShooter/Content/FPWeapon/Materials/MaterialLayers/ML_Plastic_Shiny_Beige_LOGO.uexp" 638
"C:/Users/gamedev/Documents/Unreal Projects/TwinStickShooter/Content/FPWeapon/Materials/MaterialLayers/T_ML_Aluminum01.uasset" 639
"C:/Users/gamedev/Documents/Unreal Projects/TwinStickShooter/Content/FPWeapon/Materials/MaterialLayers/T_ML_Aluminum01.uexp" 640
"C:/Users/gamedev/Documents/Unreal Projects/TwinStickShooter/Content/FPWeapon/Materials/MaterialLayers/T_ML_Aluminum01.ubulk" 641
"C:/Users/gamedev/Documents/Unreal Projects/TwinStickShooter/Content/FPWeapon/Materials/MaterialLayers/T_ML_Aluminum01_N.uasset" 642
"C:/Users/gamedev/Documents/Unreal Projects/TwinStickShooter/Content/FPWeapon/Materials/MaterialLayers/T_ML_Aluminum01_N.uexp" 643
"C:/Users/gamedev/Documents/Unreal Projects/TwinStickShooter/Content/FPWeapon/Materials/MaterialLayers/T_ML_Aluminum01_N.ubulk" 644
"C:/Users/gamedev/Documents/Unreal Projects/TwinStickShooter/Content/FPWeapon/Materials/MaterialLayers/ML_SoftMetal_UE4.uasset" 645
"C:/Users/gamedev/Documents/Unreal Projects/TwinStickShooter/Content/FPWeapon/Materials/MaterialLayers/ML_SoftMetal_UE4.uexp" 646
"C:/Users/gamedev/Documents/Unreal Projects/TwinStickShooter/Content/FPWeapon/Materials/MaterialLayers/T_ML_FineRubber.uasset" 647
"C:/Users/gamedev/Documents/Unreal Projects/TwinStickShooter/Content/FPWeapon/Materials/MaterialLayers/T_ML_FineRubber.uexp" 648
"C:/Users/gamedev/Documents/Unreal Projects/TwinStickShooter/Content/FPWeapon/Materials/MaterialLayers/T_ML_FineRubber.ubulk" 649
"C:/Users/gamedev/Documents/Unreal Projects/TwinStickShooter/Content/FPWeapon/Materials/MaterialLayers/T_ML_Rubber_Blue_01_D.uasset" 650
"C:/Users/gamedev/Documents/Unreal Projects/TwinStickShooter/Content/FPWeapon/Materials/MaterialLayers/T_ML_Rubber_Blue_01_D.uexp" 651
"C:/Users/gamedev/Documents/Unreal Projects/TwinStickShooter/Content/FPWeapon/Materials/MaterialLayers/T_ML_Rubber_Blue_01_D.ubulk" 652
"C:/Users/gamedev/Documents/Unreal Projects/TwinStickShooter/Content/FPWeapon/Materials/MaterialLayers/T_ML_Rubber_Blue_01_N.uasset" 653
"C:/Users/gamedev/Documents/Unreal Projects/TwinStickShooter/Content/FPWeapon/Materials/MaterialLayers/T_ML_Rubber_Blue_01_N.uexp" 654
"C:/Users/gamedev/Documents/Unreal Projects/TwinStickShooter/Content/FPWeapon/Materials/MaterialLayers/T_ML_Rubber_Blue_01_N.ubulk" 655
"C:/Users/gamedev/Documents/Unreal Projects/TwinStickShooter/Content/FPWeapon/Materials/MaterialLayers/ML_GlossyBlack_Latex_UE4.uasset" 656
"C:/Users/gamedev/Documents/Unreal Projects/TwinStickShooter/Content/FPWeapon/Materials/MaterialLayers/ML_GlossyBlack_Latex_UE4.uexp" 657
"../../../Engine/Content/Functions/MaterialLayerFunctions/MatLayerBlend_Simple.uasset" 658
"../../../Engine/Content/Functions/MaterialLayerFunctions/MatLayerBlend_Simple.uexp" 659
"../../../Engine/Content/Functions/Engine_MaterialFunctions02/Utility/BlendAngleCorrectedNormals.uasset" 660
"../../../Engine/Content/Functions/Engine_MaterialFunctions02/Utility/BlendAngleCorrectedNormals.uexp" 661
"../../../Engine/Content/Functions/MaterialLayerFunctions/MatLayerBlend_NormalBlend.uasset" 662
"../../../Engine/Content/Functions/MaterialLayerFunctions/MatLayerBlend_NormalBlend.uexp" 663
"../../../Engine/Content/Functions/MaterialLayerFunctions/MatLayerBlend_AO.uasset" 664
"../../../Engine/Content/Functions/MaterialLayerFunctions/MatLayerBlend_AO.uexp" 665
"C:/Users/gamedev/Documents/Unreal Projects/TwinStickShooter/Content/FPWeapon/Materials/M_FPGun.uasset" 666
"C:/Users/gamedev/Documents/Unreal Projects/TwinStickShooter/Content/FPWeapon/Materials/M_FPGun.uexp" 667
"C:/Users/gamedev/Documents/Unreal Projects/TwinStickShooter/Content/FPWeapon/Materials/MI_FPGun.uasset" 668
"C:/Users/gamedev/Documents/Unreal Projects/TwinStickShooter/Content/FPWeapon/Materials/MI_FPGun.uexp" 669
"C:/Users/gamedev/Documents/Unreal Projects/TwinStickShooter/Content/FPWeapon/Mesh/SK_FPGun_Skeleton.uasset" 670
"C:/Users/gamedev/Documents/Unreal Projects/TwinStickShooter/Content/FPWeapon/Mesh/SK_FPGun_Skeleton.uexp" 671
"C:/Users/gamedev/Documents/Unreal Projects/TwinStickShooter/Content/FPWeapon/Mesh/SK_FPGun_PhysicsAsset.uasset" 672
"C:/Users/gamedev/Documents/Unreal Projects/TwinStickShooter/Content/FPWeapon/Mesh/SK_FPGun_PhysicsAsset.uexp" 673
"C:/Users/gamedev/Documents/Unreal Projects/TwinStickShooter/Content/FPWeapon/Mesh/SK_FPGun.uasset" 674
"C:/Users/gamedev/Documents/Unreal Projects/TwinStickShooter/Content/FPWeapon/Mesh/SK_FPGun.uexp" 675
"C:/Users/gamedev/Documents/Unreal Projects/TwinStickShooter/Content/Blueprints/BP_LaserRifle.uasset" 676
"C:/Users/gamedev/Documents/Unreal Projects/TwinStickShooter/Content/Blueprints/BP_LaserRifle.uexp" 677
"C:/Users/gamedev/Documents/Unreal Projects/TwinStickShooter/Content/AnimationAssets/UE4_Mannequin/Mesh/UE4_Mannequin_Skeleton.uasset" 678
"C:/Users/gamedev/Documents/Unreal Projects/TwinStickShooter/Content/AnimationAssets/UE4_Mannequin/Mesh/UE4_Mannequin_Skeleton.uexp" 679
"C:/Users/gamedev/Documents/Unreal Projects/TwinStickShooter/Content/AnimationAssets/Death_3.uasset" 680
"C:/Users/gamedev/Documents/Unreal Projects/TwinStickShooter/Content/AnimationAssets/Death_3.uexp" 681
"C:/Users/gamedev/Documents/Unreal Projects/TwinStickShooter/Content/AnimationAssets/Death_2.uasset" 682
"C:/Users/gamedev/Documents/Unreal Projects/TwinStickShooter/Content/AnimationAssets/Death_2.uexp" 683
"C:/Users/gamedev/Documents/Unreal Projects/TwinStickShooter/Content/AnimationAssets/Death_1.uasset" 684
"C:/Users/gamedev/Documents/Unreal Projects/TwinStickShooter/Content/AnimationAssets/Death_1.uexp" 685
"C:/Users/gamedev/Documents/Unreal Projects/TwinStickShooter/Content/AnimationAssets/Jog_Rt_Rifle.uasset" 686
"C:/Users/gamedev/Documents/Unreal Projects/TwinStickShooter/Content/AnimationAssets/Jog_Rt_Rifle.uexp" 687
"C:/Users/gamedev/Documents/Unreal Projects/TwinStickShooter/Content/AnimationAssets/Jog_Lt_Rifle.uasset" 688
"C:/Users/gamedev/Documents/Unreal Projects/TwinStickShooter/Content/AnimationAssets/Jog_Lt_Rifle.uexp" 689
"C:/Users/gamedev/Documents/Unreal Projects/TwinStickShooter/Content/AnimationAssets/Jog_Fwd_Rifle.uasset" 690
"C:/Users/gamedev/Documents/Unreal Projects/TwinStickShooter/Content/AnimationAssets/Jog_Fwd_Rifle.uexp" 691
"C:/Users/gamedev/Documents/Unreal Projects/TwinStickShooter/Content/AnimationAssets/Jog_Bwd_Rifle.uasset" 692
"C:/Users/gamedev/Documents/Unreal Projects/TwinStickShooter/Content/AnimationAssets/Jog_Bwd_Rifle.uexp" 693
"C:/Users/gamedev/Documents/Unreal Projects/TwinStickShooter/Content/AnimationAssets/Idle_Rifle_Hip.uasset" 694
"C:/Users/gamedev/Documents/Unreal Projects/TwinStickShooter/Content/AnimationAssets/Idle_Rifle_Hip.uexp" 695
"C:/Users/gamedev/Documents/Unreal Projects/TwinStickShooter/Content/AnimationAssets/BS_HeroCharacter.uasset" 696
"C:/Users/gamedev/Documents/Unreal Projects/TwinStickShooter/Content/AnimationAssets/BS_HeroCharacter.uexp" 697
"C:/Users/gamedev/Documents/Unreal Projects/TwinStickShooter/Content/AnimationAssets/ABP_Character.uasset" 698
"C:/Users/gamedev/Documents/Unreal Projects/TwinStickShooter/Content/AnimationAssets/ABP_Character.uexp" 699
"C:/Users/gamedev/Documents/Unreal Projects/TwinStickShooter/Content/Sounds/Powerup_Pickup_DamageBoost.uasset" 700
"C:/Users/gamedev/Documents/Unreal Projects/TwinStickShooter/Content/Sounds/Powerup_Pickup_DamageBoost.uexp" 701
"../../../Engine/Content/Animation/DefaultAnimCurveCompressionSettings.uasset" 702
"../../../Engine/Content/Animation/DefaultAnimCurveCompressionSettings.uexp" 703
"../../../Engine/Content/Animation/DefaultAnimBoneCompressionSettings.uasset" 704
"../../../Engine/Content/Animation/DefaultAnimBoneCompressionSettings.uexp" 705
"C:/Users/gamedev/Documents/Unreal Projects/TwinStickShooter/Content/AnimationAssets/Enemy_Walk.uasset" 706
"C:/Users/gamedev/Documents/Unreal Projects/TwinStickShooter/Content/AnimationAssets/Enemy_Walk.uexp" 707
"C:/Users/gamedev/Documents/Unreal Projects/TwinStickShooter/Content/AnimationAssets/Enemy_Idle.uasset" 708
"C:/Users/gamedev/Documents/Unreal Projects/TwinStickShooter/Content/AnimationAssets/Enemy_Idle.uexp" 709
"C:/Users/gamedev/Documents/Unreal Projects/TwinStickShooter/Content/AnimationAssets/BS_EnemyCharacter.uasset" 710
"C:/Users/gamedev/Documents/Unreal Projects/TwinStickShooter/Content/AnimationAssets/BS_EnemyCharacter.uexp" 711
"C:/Users/gamedev/Documents/Unreal Projects/TwinStickShooter/Content/AnimationAssets/ABP_Enemy.uasset" 712
"C:/Users/gamedev/Documents/Unreal Projects/TwinStickShooter/Content/AnimationAssets/ABP_Enemy.uexp" 713
"C:/Users/gamedev/Documents/Unreal Projects/TwinStickShooter/Content/Blueprints/AIC_EnemyCharacter.uasset" 714
"C:/Users/gamedev/Documents/Unreal Projects/TwinStickShooter/Content/Blueprints/AIC_EnemyCharacter.uexp" 715
"C:/Users/gamedev/Documents/Unreal Projects/TwinStickShooter/Content/AnimationAssets/UE4_Mannequin/Mesh/SK_Mannequin_PhysicsAsset.uasset" 716
"C:/Users/gamedev/Documents/Unreal Projects/TwinStickShooter/Content/AnimationAssets/UE4_Mannequin/Mesh/SK_Mannequin_PhysicsAsset.uexp" 717
"C:/Users/gamedev/Documents/Unreal Projects/TwinStickShooter/Content/AnimationAssets/UE4_Mannequin/Textures/UE4Man_Logo_N.uasset" 718
"C:/Users/gamedev/Documents/Unreal Projects/TwinStickShooter/Content/AnimationAssets/UE4_Mannequin/Textures/UE4Man_Logo_N.uexp" 719
"C:/Users/gamedev/Documents/Unreal Projects/TwinStickShooter/Content/AnimationAssets/UE4_Mannequin/Textures/UE4Man_Logo_N.ubulk" 720
"C:/Users/gamedev/Documents/Unreal Projects/TwinStickShooter/Content/AnimationAssets/UE4_Mannequin/Textures/UE4_Mannequin_occlusion_Mobile.uasset" 721
"C:/Users/gamedev/Documents/Unreal Projects/TwinStickShooter/Content/AnimationAssets/UE4_Mannequin/Textures/UE4_Mannequin_occlusion_Mobile.uexp" 722
"C:/Users/gamedev/Documents/Unreal Projects/TwinStickShooter/Content/AnimationAssets/UE4_Mannequin/Textures/UE4_Mannequin_occlusion_Mobile.ubulk" 723
"C:/Users/gamedev/Documents/Unreal Projects/TwinStickShooter/Content/AnimationAssets/UE4_Mannequin/Textures/UE4_Mannequin_MAT_MASKA.uasset" 724
"C:/Users/gamedev/Documents/Unreal Projects/TwinStickShooter/Content/AnimationAssets/UE4_Mannequin/Textures/UE4_Mannequin_MAT_MASKA.uexp" 725
"C:/Users/gamedev/Documents/Unreal Projects/TwinStickShooter/Content/AnimationAssets/UE4_Mannequin/Textures/UE4_Mannequin_MAT_MASKA.ubulk" 726
"C:/Users/gamedev/Documents/Unreal Projects/TwinStickShooter/Content/AnimationAssets/UE4_Mannequin/Textures/UE4_Mannequin__normals.uasset" 727
"C:/Users/gamedev/Documents/Unreal Projects/TwinStickShooter/Content/AnimationAssets/UE4_Mannequin/Textures/UE4_Mannequin__normals.uexp" 728
"C:/Users/gamedev/Documents/Unreal Projects/TwinStickShooter/Content/AnimationAssets/UE4_Mannequin/Textures/UE4_Mannequin__normals.ubulk" 729
"C:/Users/gamedev/Documents/Unreal Projects/TwinStickShooter/Content/AnimationAssets/UE4_Mannequin/Materials/MaterialLayers/T_ML_Aluminum01_N.uasset" 730
"C:/Users/gamedev/Documents/Unreal Projects/TwinStickShooter/Content/AnimationAssets/UE4_Mannequin/Materials/MaterialLayers/T_ML_Aluminum01_N.uexp" 731
"C:/Users/gamedev/Documents/Unreal Projects/TwinStickShooter/Content/AnimationAssets/UE4_Mannequin/Materials/MaterialLayers/T_ML_Aluminum01_N.ubulk" 732
"C:/Users/gamedev/Documents/Unreal Projects/TwinStickShooter/Content/AnimationAssets/UE4_Mannequin/Materials/MaterialLayers/T_ML_Aluminum01.uasset" 733
"C:/Users/gamedev/Documents/Unreal Projects/TwinStickShooter/Content/AnimationAssets/UE4_Mannequin/Materials/MaterialLayers/T_ML_Aluminum01.uexp" 734
"C:/Users/gamedev/Documents/Unreal Projects/TwinStickShooter/Content/AnimationAssets/UE4_Mannequin/Materials/MaterialLayers/T_ML_Aluminum01.ubulk" 735
"C:/Users/gamedev/Documents/Unreal Projects/TwinStickShooter/Content/AnimationAssets/UE4_Mannequin/Materials/MaterialLayers/ML_SoftMetal_UE4.uasset" 736
"C:/Users/gamedev/Documents/Unreal Projects/TwinStickShooter/Content/AnimationAssets/UE4_Mannequin/Materials/MaterialLayers/ML_SoftMetal_UE4.uexp" 737
"C:/Users/gamedev/Documents/Unreal Projects/TwinStickShooter/Content/AnimationAssets/UE4_Mannequin/Textures/UE4_LOGO_CARD.uasset" 738
"C:/Users/gamedev/Documents/Unreal Projects/TwinStickShooter/Content/AnimationAssets/UE4_Mannequin/Textures/UE4_LOGO_CARD.uexp" 739
"C:/Users/gamedev/Documents/Unreal Projects/TwinStickShooter/Content/AnimationAssets/UE4_Mannequin/Textures/UE4_LOGO_CARD.ubulk" 740
"C:/Users/gamedev/Documents/Unreal Projects/TwinStickShooter/Content/AnimationAssets/UE4_Mannequin/Materials/MaterialLayers/ML_Plastic_Shiny_Beige_LOGO.uasset" 741
"C:/Users/gamedev/Documents/Unreal Projects/TwinStickShooter/Content/AnimationAssets/UE4_Mannequin/Materials/MaterialLayers/ML_Plastic_Shiny_Beige_LOGO.uexp" 742
"C:/Users/gamedev/Documents/Unreal Projects/TwinStickShooter/Content/AnimationAssets/UE4_Mannequin/Materials/MaterialLayers/ML_Plastic_Shiny_Beige.uasset" 743
"C:/Users/gamedev/Documents/Unreal Projects/TwinStickShooter/Content/AnimationAssets/UE4_Mannequin/Materials/MaterialLayers/ML_Plastic_Shiny_Beige.uexp" 744
"C:/Users/gamedev/Documents/Unreal Projects/TwinStickShooter/Content/AnimationAssets/UE4_Mannequin/Materials/MaterialLayers/T_ML_Rubber_Blue_01_N.uasset" 745
"C:/Users/gamedev/Documents/Unreal Projects/TwinStickShooter/Content/AnimationAssets/UE4_Mannequin/Materials/MaterialLayers/T_ML_Rubber_Blue_01_N.uexp" 746
"C:/Users/gamedev/Documents/Unreal Projects/TwinStickShooter/Content/AnimationAssets/UE4_Mannequin/Materials/MaterialLayers/T_ML_Rubber_Blue_01_N.ubulk" 747
"C:/Users/gamedev/Documents/Unreal Projects/TwinStickShooter/Content/AnimationAssets/UE4_Mannequin/Materials/MaterialLayers/T_ML_Rubber_Blue_01_D.uasset" 748
"C:/Users/gamedev/Documents/Unreal Projects/TwinStickShooter/Content/AnimationAssets/UE4_Mannequin/Materials/MaterialLayers/T_ML_Rubber_Blue_01_D.uexp" 749
"C:/Users/gamedev/Documents/Unreal Projects/TwinStickShooter/Content/AnimationAssets/UE4_Mannequin/Materials/MaterialLayers/T_ML_Rubber_Blue_01_D.ubulk" 750
"C:/Users/gamedev/Documents/Unreal Projects/TwinStickShooter/Content/AnimationAssets/UE4_Mannequin/Materials/MaterialLayers/ML_GlossyBlack_Latex_UE4.uasset" 751
"C:/Users/gamedev/Documents/Unreal Projects/TwinStickShooter/Content/AnimationAssets/UE4_Mannequin/Materials/MaterialLayers/ML_GlossyBlack_Latex_UE4.uexp" 752
"C:/Users/gamedev/Documents/Unreal Projects/TwinStickShooter/Content/AnimationAssets/UE4_Mannequin/Materials/M_UE4Man_Body.uasset" 753
"C:/Users/gamedev/Documents/Unreal Projects/TwinStickShooter/Content/AnimationAssets/UE4_Mannequin/Materials/M_UE4Man_Body.uexp" 754
"C:/Users/gamedev/Documents/Unreal Projects/TwinStickShooter/Content/AnimationAssets/UE4_Mannequin/Materials/M_UE4Man_ChestLogo.uasset" 755
"C:/Users/gamedev/Documents/Unreal Projects/TwinStickShooter/Content/AnimationAssets/UE4_Mannequin/Materials/M_UE4Man_ChestLogo.uexp" 756
"C:/Users/gamedev/Documents/Unreal Projects/TwinStickShooter/Content/AnimationAssets/UE4_Mannequin/Mesh/SK_Mannequin.uasset" 757
"C:/Users/gamedev/Documents/Unreal Projects/TwinStickShooter/Content/AnimationAssets/UE4_Mannequin/Mesh/SK_Mannequin.uexp" 758
"C:/Users/gamedev/Documents/Unreal Projects/TwinStickShooter/Content/Blueprints/BP_EnemyCharacter.uasset" 759
"C:/Users/gamedev/Documents/Unreal Projects/TwinStickShooter/Content/Blueprints/BP_EnemyCharacter.uexp" 760
"C:/Users/gamedev/Documents/Unreal Projects/TwinStickShooter/Content/Blueprints/BP_EnemySpawner.uasset" 761
"C:/Users/gamedev/Documents/Unreal Projects/TwinStickShooter/Content/Blueprints/BP_EnemySpawner.uexp" 762
"C:/Users/gamedev/Documents/Unreal Projects/TwinStickShooter/Content/Blueprints/BP_TwinStickMode.uasset" 763
"C:/Users/gamedev/Documents/Unreal Projects/TwinStickShooter/Content/Blueprints/BP_TwinStickMode.uexp" 764
"C:/Users/gamedev/Documents/Unreal Projects/TwinStickShooter/Content/Blueprints/WBP_TwinStickHUD.uasset" 765
"C:/Users/gamedev/Documents/Unreal Projects/TwinStickShooter/Content/Blueprints/WBP_TwinStickHUD.uexp" 766
"C:/Users/gamedev/Documents/Unreal Projects/TwinStickShooter/Content/Blueprints/BP_HeroCharacter.uasset" 767
"C:/Users/gamedev/Documents/Unreal Projects/TwinStickShooter/Content/Blueprints/BP_HeroCharacter.uexp" 768
"C:/Users/gamedev/Documents/Unreal Projects/TwinStickShooter/Content/Blueprints/BP_Powerup_DamageBoost.uasset" 769
"C:/Users/gamedev/Documents/Unreal Projects/TwinStickShooter/Content/Blueprints/BP_Powerup_DamageBoost.uexp" 770
"C:/Users/gamedev/Documents/Unreal Projects/TwinStickShooter/Content/Maps/ArenaMap_BuiltData.uasset" 771
"C:/Users/gamedev/Documents/Unreal Projects/TwinStickShooter/Content/Maps/ArenaMap_BuiltData.uexp" 772
"C:/Users/gamedev/Documents/Unreal Projects/TwinStickShooter/Content/Maps/ArenaMap_BuiltData.ubulk" 773
"C:/Users/gamedev/Documents/Unreal Projects/TwinStickShooter/Content/Maps/ArenaMap.uexp" 774
"C:/Users/gamedev/Documents/Unreal Projects/TwinStickShooter/Content/Maps/ArenaMap.umap" 775
"../../../Engine/Content/Maps/Entry_BuiltData.uasset" 776
"../../../Engine/Content/Maps/Entry_BuiltData.uexp" 777
"../../../Engine/Content/Maps/Entry.uexp" 778
"../../../Engine/Content/Maps/Entry.umap" 779
